module.js:327
    throw err;
    ^

Error: Cannot find module '/home/expressserver/ad430_server/app.js'
    at Function.Module._resolveFilename (module.js:325:15)
    at Function.Module._load (module.js:276:25)
    at Function.Module.runMain (module.js:441:10)
    at startup (node.js:139:18)
    at node.js:974:3
module.js:327
    throw err;
    ^

Error: Cannot find module '/home/expressserver/ad430_server/app.js'
    at Function.Module._resolveFilename (module.js:325:15)
    at Function.Module._load (module.js:276:25)
    at Function.Module.runMain (module.js:441:10)
    at startup (node.js:139:18)
    at node.js:974:3
module.js:327
    throw err;
    ^

Error: Cannot find module '/home/expressserver/ad430_server/app.js'
    at Function.Module._resolveFilename (module.js:325:15)
    at Function.Module._load (module.js:276:25)
    at Function.Module.runMain (module.js:441:10)
    at startup (node.js:139:18)
    at node.js:974:3
module.js:327
    throw err;
    ^

Error: Cannot find module '/home/expressserver/ad430_server/app.js'
    at Function.Module._resolveFilename (module.js:325:15)
    at Function.Module._load (module.js:276:25)
    at Function.Module.runMain (module.js:441:10)
    at startup (node.js:139:18)
    at node.js:974:3
/home/expressserver/ad430server/app.js:18
app.configure(function(){
    ^

TypeError: app.configure is not a function
    at Object.<anonymous> (/home/expressserver/ad430server/app.js:18:5)
    at Module._compile (module.js:409:26)
    at Object.Module._extensions..js (module.js:416:10)
    at Module.load (module.js:343:32)
    at Function.Module._load (module.js:300:12)
    at Function.Module.runMain (module.js:441:10)
    at startup (node.js:139:18)
    at node.js:974:3
/home/expressserver/ad430server/app.js:18
app.configure(function(){
    ^

TypeError: app.configure is not a function
    at Object.<anonymous> (/home/expressserver/ad430server/app.js:18:5)
    at Module._compile (module.js:409:26)
    at Object.Module._extensions..js (module.js:416:10)
    at Module.load (module.js:343:32)
    at Function.Module._load (module.js:300:12)
    at Function.Module.runMain (module.js:441:10)
    at startup (node.js:139:18)
    at node.js:974:3
/home/expressserver/ad430server/app.js:18
app.configure(function(){
    ^

TypeError: app.configure is not a function
    at Object.<anonymous> (/home/expressserver/ad430server/app.js:18:5)
    at Module._compile (module.js:409:26)
    at Object.Module._extensions..js (module.js:416:10)
    at Module.load (module.js:343:32)
    at Function.Module._load (module.js:300:12)
    at Function.Module.runMain (module.js:441:10)
    at startup (node.js:139:18)
    at node.js:974:3
/home/expressserver/ad430server/app.js:18
app.configure(function(){
    ^

TypeError: app.configure is not a function
    at Object.<anonymous> (/home/expressserver/ad430server/app.js:18:5)
    at Module._compile (module.js:409:26)
    at Object.Module._extensions..js (module.js:416:10)
    at Module.load (module.js:343:32)
    at Function.Module._load (module.js:300:12)
    at Function.Module.runMain (module.js:441:10)
    at startup (node.js:139:18)
    at node.js:974:3
Express server listening on port 8081
Express server listening on port 80
Express server listening on port 80
Invoked: getConvos
Finished: getConvos
/home/expressserver/ad430server/node_modules/mysql/lib/protocol/Parser.js:78
        throw err; // Rethrow non-MySQL errors
        ^

Error: ER_ACCESS_DENIED_ERROR: Access denied for user 'root'@'localhost' (using password: YES)
    at Handshake.Sequence._packetToError (/home/expressserver/ad430server/node_modules/mysql/lib/protocol/sequences/Sequence.js:51:14)
    at Handshake.ErrorPacket (/home/expressserver/ad430server/node_modules/mysql/lib/protocol/sequences/Handshake.js:103:18)
    at Protocol._parsePacket (/home/expressserver/ad430server/node_modules/mysql/lib/protocol/Protocol.js:280:23)
    at Parser.write (/home/expressserver/ad430server/node_modules/mysql/lib/protocol/Parser.js:74:12)
    at Protocol.write (/home/expressserver/ad430server/node_modules/mysql/lib/protocol/Protocol.js:39:16)
    at Socket.<anonymous> (/home/expressserver/ad430server/node_modules/mysql/lib/Connection.js:109:28)
    at emitOne (events.js:77:13)
    at Socket.emit (events.js:169:7)
    at readableAddChunk (_stream_readable.js:153:18)
    at Socket.Readable.push (_stream_readable.js:111:10)
    --------------------
    at Protocol._enqueue (/home/expressserver/ad430server/node_modules/mysql/lib/protocol/Protocol.js:141:48)
    at Protocol.handshake (/home/expressserver/ad430server/node_modules/mysql/lib/protocol/Protocol.js:52:41)
    at PoolConnection.connect (/home/expressserver/ad430server/node_modules/mysql/lib/Connection.js:136:18)
    at Pool.getConnection (/home/expressserver/ad430server/node_modules/mysql/lib/Pool.js:48:16)
    at Pool.query (/home/expressserver/ad430server/node_modules/mysql/lib/Pool.js:200:8)
    at getConvos (/home/expressserver/ad430server/routes/getConvos.js:24:14)
    at /home/expressserver/ad430server/routes/getConvos.js:12:2
    at Layer.handle [as handle_request] (/home/expressserver/ad430server/node_modules/express/lib/router/layer.js:95:5)
    at next (/home/expressserver/ad430server/node_modules/express/lib/router/route.js:131:13)
    at Route.dispatch (/home/expressserver/ad430server/node_modules/express/lib/router/route.js:112:3)
Express server listening on port 80
Invoked: createConvo
Finished: createConvo
/home/expressserver/ad430server/node_modules/mysql/lib/protocol/Parser.js:78
        throw err; // Rethrow non-MySQL errors
        ^

TypeError: Cannot read property '0' of undefined
    at Query._callback (/home/expressserver/ad430server/routes/createConvo.js:43:10)
    at Query.Sequence.end (/home/expressserver/ad430server/node_modules/mysql/lib/protocol/sequences/Sequence.js:85:24)
    at /home/expressserver/ad430server/node_modules/mysql/lib/Pool.js:203:13
    at Handshake.onConnect (/home/expressserver/ad430server/node_modules/mysql/lib/Pool.js:58:9)
    at Handshake.Sequence.end (/home/expressserver/ad430server/node_modules/mysql/lib/protocol/sequences/Sequence.js:85:24)
    at Handshake.ErrorPacket (/home/expressserver/ad430server/node_modules/mysql/lib/protocol/sequences/Handshake.js:105:8)
    at Protocol._parsePacket (/home/expressserver/ad430server/node_modules/mysql/lib/protocol/Protocol.js:280:23)
    at Parser.write (/home/expressserver/ad430server/node_modules/mysql/lib/protocol/Parser.js:74:12)
    at Protocol.write (/home/expressserver/ad430server/node_modules/mysql/lib/protocol/Protocol.js:39:16)
    at Socket.<anonymous> (/home/expressserver/ad430server/node_modules/mysql/lib/Connection.js:109:28)
Express server listening on port 80
module.js:327
    throw err;
    ^

Error: Cannot find module '/home/expressserver/ad430_server/app.js'
    at Function.Module._resolveFilename (module.js:325:15)
    at Function.Module._load (module.js:276:25)
    at Function.Module.runMain (module.js:441:10)
    at startup (node.js:139:18)
    at node.js:974:3
/home/expressserver/ad430server/app.js:29
var app = module.exports = express.createServer();
                                   ^

TypeError: express.createServer is not a function
    at Object.<anonymous> (/home/expressserver/ad430server/app.js:29:36)
    at Module._compile (module.js:409:26)
    at Object.Module._extensions..js (module.js:416:10)
    at Module.load (module.js:343:32)
    at Function.Module._load (module.js:300:12)
    at Function.Module.runMain (module.js:441:10)
    at startup (node.js:139:18)
    at node.js:974:3
